# JRE version: OpenJDK Runtime Environment Temurin-21.0.9+10 (21.0.9+10) (build 21.0.9+10-LTS)
# Java VM: OpenJDK 64-Bit Server VM Temurin-21.0.9+10 (21.0.9+10-LTS, mixed mode, sharing, tiered, compressed oops, compressed class ptrs, parallel gc, windows-amd64)
GC Precious Log:
 CardTable entry size: 512
 CPUs: 20 total, 20 available
 Memory: 16068M
 Large Page Support: Disabled
 NUMA Support: Disabled
 Compressed Oops: Enabled (32-bit)
 Alignments: Space 512K, Generation 512K, Heap 2M
 Heap Min Capacity: 100M
 Heap Initial Capacity: 100M
 Heap Max Capacity: 2G
 Pre-touch: Disabled
 Parallel Workers: 15
Heap:
 PSYoungGen      total 5632K, used 4393K [0x00000000d5580000, 0x00000000d5e00000, 0x0000000100000000)
  eden space 4096K, 80% used [0x00000000d5580000,0x00000000d58ba660,0x00000000d5980000)
  from space 1536K, 70% used [0x00000000d5c80000,0x00000000d5d90000,0x00000000d5e00000)
  to   space 1536K, 0% used [0x00000000d5b00000,0x00000000d5b00000,0x00000000d5c80000)
 ParOldGen       total 1093120K, used 1092677K [0x0000000080000000, 0x00000000c2b80000, 0x00000000d5580000)
  object space 1093120K, 99% used [0x0000000080000000,0x00000000c2b11798,0x00000000c2b80000)
 Metaspace       used 99097K, committed 100864K, reserved 1179648K
  class space    used 9747K, committed 10560K, reserved 1048576K
GC Heap History (20 events):
Event: 6892.403 GC heap before
{Heap before GC invocations=7609 (full 8):
 PSYoungGen      total 4096K, used 4065K [0x00000000d5580000, 0x00000000d6c80000, 0x0000000100000000)
  eden space 512K, 99% used [0x00000000d5580000,0x00000000d55ff6d0,0x00000000d5600000)
  from space 3584K, 99% used [0x00000000d5e00000,0x00000000d6179070,0x00000000d6180000)
  to   space 8192K, 0% used [0x00000000d5600000,0x00000000d5600000,0x00000000d5e00000)
 ParOldGen       total 1080320K, used 1080294K [0x0000000080000000, 0x00000000c1f00000, 0x00000000d5580000)
  object space 1080320K, 99% used [0x0000000080000000,0x00000000c1ef9b68,0x00000000c1f00000)
 Metaspace       used 99075K, committed 100800K, reserved 1179648K
  class space    used 9747K, committed 10560K, reserved 1048576K
}
Event: 6892.407 GC heap after
{Heap after GC invocations=7609 (full 8):
 PSYoungGen      total 1536K, used 672K [0x00000000d5580000, 0x00000000d5e80000, 0x0000000100000000)
  eden space 512K, 0% used [0x00000000d5580000,0x00000000d5580000,0x00000000d5600000)
  from space 1024K, 65% used [0x00000000d5600000,0x00000000d56a8000,0x00000000d5700000)
  to   space 3584K, 0% used [0x00000000d5b00000,0x00000000d5b00000,0x00000000d5e80000)
 ParOldGen       total 1084416K, used 1083922K [0x0000000080000000, 0x00000000c2300000, 0x00000000d5580000)
  object space 1084416K, 99% used [0x0000000080000000,0x00000000c2284bd8,0x00000000c2300000)
 Metaspace       used 99075K, committed 100800K, reserved 1179648K
  class space    used 9747K, committed 10560K, reserved 1048576K
}
Event: 6892.409 GC heap before
{Heap before GC invocations=7610 (full 8):
 PSYoungGen      total 1536K, used 1105K [0x00000000d5580000, 0x00000000d5e80000, 0x0000000100000000)
  eden space 512K, 84% used [0x00000000d5580000,0x00000000d55ec538,0x00000000d5600000)
  from space 1024K, 65% used [0x00000000d5600000,0x00000000d56a8000,0x00000000d5700000)
  to   space 3584K, 0% used [0x00000000d5b00000,0x00000000d5b00000,0x00000000d5e80000)
 ParOldGen       total 1084416K, used 1083922K [0x0000000080000000, 0x00000000c2300000, 0x00000000d5580000)
  object space 1084416K, 99% used [0x0000000080000000,0x00000000c2284bd8,0x00000000c2300000)
 Metaspace       used 99075K, committed 100800K, reserved 1179648K
  class space    used 9747K, committed 10560K, reserved 1048576K
}
Event: 6892.413 GC heap after
{Heap after GC invocations=7610 (full 8):
 PSYoungGen      total 2048K, used 530K [0x00000000d5580000, 0x00000000d5c00000, 0x0000000100000000)
  eden space 1024K, 0% used [0x00000000d5580000,0x00000000d5580000,0x00000000d5680000)
  from space 1024K, 51% used [0x00000000d5b00000,0x00000000d5b84a00,0x00000000d5c00000)
  to   space 1024K, 0% used [0x00000000d5a00000,0x00000000d5a00000,0x00000000d5b00000)
 ParOldGen       total 1084928K, used 1084434K [0x0000000080000000, 0x00000000c2380000, 0x00000000d5580000)
  object space 1084928K, 99% used [0x0000000080000000,0x00000000c2304bd8,0x00000000c2380000)
 Metaspace       used 99075K, committed 100800K, reserved 1179648K
  class space    used 9747K, committed 10560K, reserved 1048576K
}
Event: 6892.419 GC heap before
{Heap before GC invocations=7611 (full 8):
 PSYoungGen      total 2048K, used 1537K [0x00000000d5580000, 0x00000000d5c00000, 0x0000000100000000)
  eden space 1024K, 98% used [0x00000000d5580000,0x00000000d567bdc8,0x00000000d5680000)
  from space 1024K, 51% used [0x00000000d5b00000,0x00000000d5b84a00,0x00000000d5c00000)
  to   space 1024K, 0% used [0x00000000d5a00000,0x00000000d5a00000,0x00000000d5b00000)
 ParOldGen       total 1084928K, used 1084434K [0x0000000080000000, 0x00000000c2380000, 0x00000000d5580000)
  object space 1084928K, 99% used [0x0000000080000000,0x00000000c2304bd8,0x00000000c2380000)
 Metaspace       used 99075K, committed 100800K, reserved 1179648K
  class space    used 9747K, committed 10560K, reserved 1048576K
}
Event: 6892.421 GC heap after
{Heap after GC invocations=7611 (full 8):
 PSYoungGen      total 2560K, used 997K [0x00000000d5580000, 0x00000000d5b80000, 0x0000000100000000)
  eden space 1536K, 0% used [0x00000000d5580000,0x00000000d5580000,0x00000000d5700000)
  from space 1024K, 97% used [0x00000000d5a00000,0x00000000d5af9400,0x00000000d5b00000)
  to   space 512K, 0% used [0x00000000d5b00000,0x00000000d5b00000,0x00000000d5b80000)
 ParOldGen       total 1084928K, used 1084682K [0x0000000080000000, 0x00000000c2380000, 0x00000000d5580000)
  object space 1084928K, 99% used [0x0000000080000000,0x00000000c2342bd8,0x00000000c2380000)
 Metaspace       used 99075K, committed 100800K, reserved 1179648K
  class space    used 9747K, committed 10560K, reserved 1048576K
}
Event: 6892.429 GC heap before
{Heap before GC invocations=7612 (full 8):
 PSYoungGen      total 2560K, used 2532K [0x00000000d5580000, 0x00000000d5b80000, 0x0000000100000000)
  eden space 1536K, 99% used [0x00000000d5580000,0x00000000d56ffff0,0x00000000d5700000)
  from space 1024K, 97% used [0x00000000d5a00000,0x00000000d5af9400,0x00000000d5b00000)
  to   space 512K, 0% used [0x00000000d5b00000,0x00000000d5b00000,0x00000000d5b80000)
 ParOldGen       total 1084928K, used 1084682K [0x0000000080000000, 0x00000000c2380000, 0x00000000d5580000)
  object space 1084928K, 99% used [0x0000000080000000,0x00000000c2342bd8,0x00000000c2380000)
 Metaspace       used 99076K, committed 100800K, reserved 1179648K
  class space    used 9747K, committed 10560K, reserved 1048576K
}
Event: 6892.432 GC heap after
{Heap after GC invocations=7612 (full 8):
 PSYoungGen      total 2560K, used 485K [0x00000000d5580000, 0x00000000d5b80000, 0x0000000100000000)
  eden space 2048K, 0% used [0x00000000d5580000,0x00000000d5580000,0x00000000d5780000)
  from space 512K, 94% used [0x00000000d5b00000,0x00000000d5b79400,0x00000000d5b80000)
  to   space 2048K, 0% used [0x00000000d5780000,0x00000000d5780000,0x00000000d5980000)
 ParOldGen       total 1085952K, used 1085751K [0x0000000080000000, 0x00000000c2480000, 0x00000000d5580000)
  object space 1085952K, 99% used [0x0000000080000000,0x00000000c244dfd8,0x00000000c2480000)
 Metaspace       used 99076K, committed 100800K, reserved 1179648K
  class space    used 9747K, committed 10560K, reserved 1048576K
}
Event: 6892.470 GC heap before
{Heap before GC invocations=7613 (full 8):
 PSYoungGen      total 2560K, used 2533K [0x00000000d5580000, 0x00000000d5b80000, 0x0000000100000000)
  eden space 2048K, 100% used [0x00000000d5580000,0x00000000d5780000,0x00000000d5780000)
  from space 512K, 94% used [0x00000000d5b00000,0x00000000d5b79400,0x00000000d5b80000)
  to   space 2048K, 0% used [0x00000000d5780000,0x00000000d5780000,0x00000000d5980000)
 ParOldGen       total 1085952K, used 1085751K [0x0000000080000000, 0x00000000c2480000, 0x00000000d5580000)
  object space 1085952K, 99% used [0x0000000080000000,0x00000000c244dfd8,0x00000000c2480000)
 Metaspace       used 99097K, committed 100864K, reserved 1179648K
  class space    used 9747K, committed 10560K, reserved 1048576K
}
Event: 6892.472 GC heap after
{Heap after GC invocations=7613 (full 8):
 PSYoungGen      total 4096K, used 1080K [0x00000000d5580000, 0x00000000d5b80000, 0x0000000100000000)
  eden space 2048K, 0% used [0x00000000d5580000,0x00000000d5580000,0x00000000d5780000)
  from space 2048K, 52% used [0x00000000d5780000,0x00000000d588e2d0,0x00000000d5980000)
  to   space 1536K, 0% used [0x00000000d5a00000,0x00000000d5a00000,0x00000000d5b80000)
 ParOldGen       total 1086464K, used 1086288K [0x0000000080000000, 0x00000000c2500000, 0x00000000d5580000)
  object space 1086464K, 99% used [0x0000000080000000,0x00000000c24d43e8,0x00000000c2500000)
 Metaspace       used 99097K, committed 100864K, reserved 1179648K
  class space    used 9747K, committed 10560K, reserved 1048576K
}
Event: 6892.493 GC heap before
{Heap before GC invocations=7614 (full 8):
 PSYoungGen      total 4096K, used 3128K [0x00000000d5580000, 0x00000000d5b80000, 0x0000000100000000)
  eden space 2048K, 100% used [0x00000000d5580000,0x00000000d5780000,0x00000000d5780000)
  from space 2048K, 52% used [0x00000000d5780000,0x00000000d588e2d0,0x00000000d5980000)
  to   space 1536K, 0% used [0x00000000d5a00000,0x00000000d5a00000,0x00000000d5b80000)
 ParOldGen       total 1086464K, used 1086288K [0x0000000080000000, 0x00000000c2500000, 0x00000000d5580000)
  object space 1086464K, 99% used [0x0000000080000000,0x00000000c24d43e8,0x00000000c2500000)
 Metaspace       used 99097K, committed 100864K, reserved 1179648K
  class space    used 9747K, committed 10560K, reserved 1048576K
}
Event: 6892.495 GC heap after
{Heap after GC invocations=7614 (full 8):
 PSYoungGen      total 4096K, used 1185K [0x00000000d5580000, 0x00000000d5b80000, 0x0000000100000000)
  eden space 2560K, 0% used [0x00000000d5580000,0x00000000d5580000,0x00000000d5800000)
  from space 1536K, 77% used [0x00000000d5a00000,0x00000000d5b28498,0x00000000d5b80000)
  to   space 1536K, 0% used [0x00000000d5880000,0x00000000d5880000,0x00000000d5a00000)
 ParOldGen       total 1087488K, used 1087154K [0x0000000080000000, 0x00000000c2600000, 0x00000000d5580000)
  object space 1087488K, 99% used [0x0000000080000000,0x00000000c25ac968,0x00000000c2600000)
 Metaspace       used 99097K, committed 100864K, reserved 1179648K
  class space    used 9747K, committed 10560K, reserved 1048576K
}
Event: 6892.508 GC heap before
{Heap before GC invocations=7615 (full 8):
 PSYoungGen      total 4096K, used 3681K [0x00000000d5580000, 0x00000000d5b80000, 0x0000000100000000)
  eden space 2560K, 97% used [0x00000000d5580000,0x00000000d57f0000,0x00000000d5800000)
  from space 1536K, 77% used [0x00000000d5a00000,0x00000000d5b28498,0x00000000d5b80000)
  to   space 1536K, 0% used [0x00000000d5880000,0x00000000d5880000,0x00000000d5a00000)
 ParOldGen       total 1087488K, used 1087154K [0x0000000080000000, 0x00000000c2600000, 0x00000000d5580000)
  object space 1087488K, 99% used [0x0000000080000000,0x00000000c25ac968,0x00000000c2600000)
 Metaspace       used 99097K, committed 100864K, reserved 1179648K
  class space    used 9747K, committed 10560K, reserved 1048576K
}
Event: 6892.511 GC heap after
{Heap after GC invocations=7615 (full 8):
 PSYoungGen      total 4608K, used 1533K [0x00000000d5580000, 0x00000000d5f80000, 0x0000000100000000)
  eden space 3072K, 0% used [0x00000000d5580000,0x00000000d5580000,0x00000000d5880000)
  from space 1536K, 99% used [0x00000000d5880000,0x00000000d59ff500,0x00000000d5a00000)
  to   space 3584K, 0% used [0x00000000d5c00000,0x00000000d5c00000,0x00000000d5f80000)
 ParOldGen       total 1089024K, used 1088585K [0x0000000080000000, 0x00000000c2780000, 0x00000000d5580000)
  object space 1089024K, 99% used [0x0000000080000000,0x00000000c27124d0,0x00000000c2780000)
 Metaspace       used 99097K, committed 100864K, reserved 1179648K
  class space    used 9747K, committed 10560K, reserved 1048576K
}
Event: 6892.527 GC heap before
{Heap before GC invocations=7616 (full 8):
 PSYoungGen      total 4608K, used 4605K [0x00000000d5580000, 0x00000000d5f80000, 0x0000000100000000)
  eden space 3072K, 100% used [0x00000000d5580000,0x00000000d5880000,0x00000000d5880000)
  from space 1536K, 99% used [0x00000000d5880000,0x00000000d59ff500,0x00000000d5a00000)
  to   space 3584K, 0% used [0x00000000d5c00000,0x00000000d5c00000,0x00000000d5f80000)
 ParOldGen       total 1089024K, used 1088585K [0x0000000080000000, 0x00000000c2780000, 0x00000000d5580000)
  object space 1089024K, 99% used [0x0000000080000000,0x00000000c27124d0,0x00000000c2780000)
 Metaspace       used 99097K, committed 100864K, reserved 1179648K
  class space    used 9747K, committed 10560K, reserved 1048576K
}
Event: 6892.530 GC heap after
{Heap after GC invocations=7616 (full 8):
 PSYoungGen      total 6656K, used 1820K [0x00000000d5580000, 0x00000000d5e80000, 0x0000000100000000)
  eden space 4096K, 0% used [0x00000000d5580000,0x00000000d5580000,0x00000000d5980000)
  from space 2560K, 71% used [0x00000000d5c00000,0x00000000d5dc72d0,0x00000000d5e80000)
  to   space 2560K, 0% used [0x00000000d5980000,0x00000000d5980000,0x00000000d5c00000)
 ParOldGen       total 1090560K, used 1090161K [0x0000000080000000, 0x00000000c2900000, 0x00000000d5580000)
  object space 1090560K, 99% used [0x0000000080000000,0x00000000c289c518,0x00000000c2900000)
 Metaspace       used 99097K, committed 100864K, reserved 1179648K
  class space    used 9747K, committed 10560K, reserved 1048576K
}
Event: 6892.544 GC heap before
{Heap before GC invocations=7617 (full 8):
 PSYoungGen      total 6656K, used 5916K [0x00000000d5580000, 0x00000000d5e80000, 0x0000000100000000)
  eden space 4096K, 100% used [0x00000000d5580000,0x00000000d5980000,0x00000000d5980000)
  from space 2560K, 71% used [0x00000000d5c00000,0x00000000d5dc72d0,0x00000000d5e80000)
  to   space 2560K, 0% used [0x00000000d5980000,0x00000000d5980000,0x00000000d5c00000)
 ParOldGen       total 1090560K, used 1090161K [0x0000000080000000, 0x00000000c2900000, 0x00000000d5580000)
  object space 1090560K, 99% used [0x0000000080000000,0x00000000c289c518,0x00000000c2900000)
 Metaspace       used 99097K, committed 100864K, reserved 1179648K
  class space    used 9747K, committed 10560K, reserved 1048576K
}
Event: 6892.548 GC heap after
{Heap after GC invocations=7617 (full 8):
 PSYoungGen      total 6656K, used 1312K [0x00000000d5580000, 0x00000000d5e80000, 0x0000000100000000)
  eden space 4096K, 0% used [0x00000000d5580000,0x00000000d5580000,0x00000000d5980000)
  from space 2560K, 51% used [0x00000000d5980000,0x00000000d5ac8000,0x00000000d5c00000)
  to   space 2048K, 0% used [0x00000000d5c80000,0x00000000d5c80000,0x00000000d5e80000)
 ParOldGen       total 1092096K, used 1091711K [0x0000000080000000, 0x00000000c2a80000, 0x00000000d5580000)
  object space 1092096K, 99% used [0x0000000080000000,0x00000000c2a1fe98,0x00000000c2a80000)
 Metaspace       used 99097K, committed 100864K, reserved 1179648K
  class space    used 9747K, committed 10560K, reserved 1048576K
}
Event: 6892.569 GC heap before
{Heap before GC invocations=7618 (full 8):
 PSYoungGen      total 6656K, used 5408K [0x00000000d5580000, 0x00000000d5e80000, 0x0000000100000000)
  eden space 4096K, 100% used [0x00000000d5580000,0x00000000d5980000,0x00000000d5980000)
  from space 2560K, 51% used [0x00000000d5980000,0x00000000d5ac8000,0x00000000d5c00000)
  to   space 2048K, 0% used [0x00000000d5c80000,0x00000000d5c80000,0x00000000d5e80000)
 ParOldGen       total 1092096K, used 1091711K [0x0000000080000000, 0x00000000c2a80000, 0x00000000d5580000)
  object space 1092096K, 99% used [0x0000000080000000,0x00000000c2a1fe98,0x00000000c2a80000)
 Metaspace       used 99097K, committed 100864K, reserved 1179648K
  class space    used 9747K, committed 10560K, reserved 1048576K
}
Event: 6892.572 GC heap after
{Heap after GC invocations=7618 (full 8):
 PSYoungGen      total 5632K, used 1088K [0x00000000d5580000, 0x00000000d5e00000, 0x0000000100000000)
  eden space 4096K, 0% used [0x00000000d5580000,0x00000000d5580000,0x00000000d5980000)
  from space 1536K, 70% used [0x00000000d5c80000,0x00000000d5d90000,0x00000000d5e00000)
  to   space 1536K, 0% used [0x00000000d5b00000,0x00000000d5b00000,0x00000000d5c80000)
 ParOldGen       total 1093120K, used 1092677K [0x0000000080000000, 0x00000000c2b80000, 0x00000000d5580000)
  object space 1093120K, 99% used [0x0000000080000000,0x00000000c2b11798,0x00000000c2b80000)
 Metaspace       used 99097K, committed 100864K, reserved 1179648K
  class space    used 9747K, committed 10560K, reserved 1048576K
}

